This is XeTeX, Version 3.141592653-2.6-0.999995 (TeX Live 2023/Homebrew) (preloaded format=xelatex 2023.6.22)  3 JAN 2024 14:06
entering extended mode
 restricted \write18 enabled.
 file:line:error style messages enabled.
 %&-line parsing enabled.
**index
(./index.tex
LaTeX2e <2022-11-01> patch level 1
L3 programming layer <2023-02-22> (/usr/local/Cellar/texlive/20230313_2/share/texmf-dist/tex/latex/base/article.cls
Document Class: article 2022/07/02 v1.4n Standard LaTeX document class
(/usr/local/Cellar/texlive/20230313_2/share/texmf-dist/tex/latex/base/size10.clo
File: size10.clo 2022/07/02 v1.4n Standard LaTeX file (size option)
)
\c@part=\count181
\c@section=\count182
\c@subsection=\count183
\c@subsubsection=\count184
\c@paragraph=\count185
\c@subparagraph=\count186
\c@figure=\count187
\c@table=\count188
\abovecaptionskip=\skip48
\belowcaptionskip=\skip49
\bibindent=\dimen140
) (/usr/local/Cellar/texlive/20230313_2/share/texmf-dist/tex/latex/graphics/graphicx.sty
Package: graphicx 2021/09/16 v1.2d Enhanced LaTeX Graphics (DPC,SPQR)
 (/usr/local/Cellar/texlive/20230313_2/share/texmf-dist/tex/latex/graphics/keyval.sty
Package: keyval 2022/05/29 v1.15 key=value parser (DPC)
\KV@toks@=\toks16
) (/usr/local/Cellar/texlive/20230313_2/share/texmf-dist/tex/latex/graphics/graphics.sty
Package: graphics 2022/03/10 v1.4e Standard LaTeX Graphics (DPC,SPQR)
 (/usr/local/Cellar/texlive/20230313_2/share/texmf-dist/tex/latex/graphics/trig.sty
Package: trig 2021/08/11 v1.11 sin cos tan (DPC)
) (/usr/local/Cellar/texlive/20230313_2/share/texmf-dist/tex/latex/graphics-cfg/graphics.cfg
File: graphics.cfg 2016/06/04 v1.11 sample graphics configuration
)
Package graphics Info: Driver file: xetex.def on input line 107.
 (/usr/local/Cellar/texlive/20230313_2/share/texmf-dist/tex/latex/graphics-def/xetex.def
File: xetex.def 2022/09/22 v5.0n Graphics/color driver for xetex
))
\Gin@req@height=\dimen141
\Gin@req@width=\dimen142
) (/usr/local/Cellar/texlive/20230313_2/share/texmf-dist/tex/latex/amsmath/amsmath.sty
Package: amsmath 2022/04/08 v2.17n AMS math features
\@mathmargin=\skip50

For additional information on amsmath, use the `?' option.
(/usr/local/Cellar/texlive/20230313_2/share/texmf-dist/tex/latex/amsmath/amstext.sty
Package: amstext 2021/08/26 v2.01 AMS text
 (/usr/local/Cellar/texlive/20230313_2/share/texmf-dist/tex/latex/amsmath/amsgen.sty
File: amsgen.sty 1999/11/30 v2.0 generic functions
\@emptytoks=\toks17
\ex@=\dimen143
)) (/usr/local/Cellar/texlive/20230313_2/share/texmf-dist/tex/latex/amsmath/amsbsy.sty
Package: amsbsy 1999/11/29 v1.2d Bold Symbols
\pmbraise@=\dimen144
) (/usr/local/Cellar/texlive/20230313_2/share/texmf-dist/tex/latex/amsmath/amsopn.sty
Package: amsopn 2022/04/08 v2.04 operator names
)
\inf@bad=\count189
LaTeX Info: Redefining \frac on input line 234.
\uproot@=\count190
\leftroot@=\count191
LaTeX Info: Redefining \overline on input line 399.
LaTeX Info: Redefining \colon on input line 410.
\classnum@=\count192
\DOTSCASE@=\count193
LaTeX Info: Redefining \ldots on input line 496.
LaTeX Info: Redefining \dots on input line 499.
LaTeX Info: Redefining \cdots on input line 620.
\Mathstrutbox@=\box51
\strutbox@=\box52
LaTeX Info: Redefining \big on input line 722.
LaTeX Info: Redefining \Big on input line 723.
LaTeX Info: Redefining \bigg on input line 724.
LaTeX Info: Redefining \Bigg on input line 725.
\big@size=\dimen145
LaTeX Font Info:    Redeclaring font encoding OML on input line 743.
LaTeX Font Info:    Redeclaring font encoding OMS on input line 744.
\macc@depth=\count194
LaTeX Info: Redefining \bmod on input line 905.
LaTeX Info: Redefining \pmod on input line 910.
LaTeX Info: Redefining \smash on input line 940.
LaTeX Info: Redefining \relbar on input line 970.
LaTeX Info: Redefining \Relbar on input line 971.
\c@MaxMatrixCols=\count195
\dotsspace@=\muskip16
\c@parentequation=\count196
\dspbrk@lvl=\count197
\tag@help=\toks18
\row@=\count198
\column@=\count199
\maxfields@=\count266
\andhelp@=\toks19
\eqnshift@=\dimen146
\alignsep@=\dimen147
\tagshift@=\dimen148
\tagwidth@=\dimen149
\totwidth@=\dimen150
\lineht@=\dimen151
\@envbody=\toks20
\multlinegap=\skip51
\multlinetaggap=\skip52
\mathdisplay@stack=\toks21
LaTeX Info: Redefining \[ on input line 2953.
LaTeX Info: Redefining \] on input line 2954.
) (/usr/local/Cellar/texlive/20230313_2/share/texmf-dist/tex/latex/pgf/frontendlayer/tikz.sty (/usr/local/Cellar/texlive/20230313_2/share/texmf-dist/tex/latex/pgf/basiclayer/pgf.sty (/usr/local/Cellar/texlive/20230313_2/share/texmf-dist/tex/latex/pgf/utilities/pgfrcs.sty (/usr/local/Cellar/texlive/20230313_2/share/texmf-dist/tex/generic/pgf/utilities/pgfutil-common.tex
\pgfutil@everybye=\toks22
\pgfutil@tempdima=\dimen152
\pgfutil@tempdimb=\dimen153
) (/usr/local/Cellar/texlive/20230313_2/share/texmf-dist/tex/generic/pgf/utilities/pgfutil-latex.def
\pgfutil@abb=\box53
) (/usr/local/Cellar/texlive/20230313_2/share/texmf-dist/tex/generic/pgf/utilities/pgfrcs.code.tex (/usr/local/Cellar/texlive/20230313_2/share/texmf-dist/tex/generic/pgf/pgf.revision.tex)
Package: pgfrcs 2023-01-15 v3.1.10 (3.1.10)
))
Package: pgf 2023-01-15 v3.1.10 (3.1.10)
 (/usr/local/Cellar/texlive/20230313_2/share/texmf-dist/tex/latex/pgf/basiclayer/pgfcore.sty (/usr/local/Cellar/texlive/20230313_2/share/texmf-dist/tex/latex/pgf/systemlayer/pgfsys.sty (/usr/local/Cellar/texlive/20230313_2/share/texmf-dist/tex/generic/pgf/systemlayer/pgfsys.code.tex
Package: pgfsys 2023-01-15 v3.1.10 (3.1.10)
 (/usr/local/Cellar/texlive/20230313_2/share/texmf-dist/tex/generic/pgf/utilities/pgfkeys.code.tex
\pgfkeys@pathtoks=\toks23
\pgfkeys@temptoks=\toks24
 (/usr/local/Cellar/texlive/20230313_2/share/texmf-dist/tex/generic/pgf/utilities/pgfkeyslibraryfiltered.code.tex
\pgfkeys@tmptoks=\toks25
))
\pgf@x=\dimen154
\pgf@y=\dimen155
\pgf@xa=\dimen156
\pgf@ya=\dimen157
\pgf@xb=\dimen158
\pgf@yb=\dimen159
\pgf@xc=\dimen160
\pgf@yc=\dimen161
\pgf@xd=\dimen162
\pgf@yd=\dimen163
\w@pgf@writea=\write3
\r@pgf@reada=\read2
\c@pgf@counta=\count267
\c@pgf@countb=\count268
\c@pgf@countc=\count269
\c@pgf@countd=\count270
\t@pgf@toka=\toks26
\t@pgf@tokb=\toks27
\t@pgf@tokc=\toks28
\pgf@sys@id@count=\count271
 (/usr/local/Cellar/texlive/20230313_2/share/texmf-dist/tex/generic/pgf/systemlayer/pgf.cfg
File: pgf.cfg 2023-01-15 v3.1.10 (3.1.10)
)
Driver file for pgf: pgfsys-xetex.def
 (/usr/local/Cellar/texlive/20230313_2/share/texmf-dist/tex/generic/pgf/systemlayer/pgfsys-xetex.def
File: pgfsys-xetex.def 2023-01-15 v3.1.10 (3.1.10)
 (/usr/local/Cellar/texlive/20230313_2/share/texmf-dist/tex/generic/pgf/systemlayer/pgfsys-dvipdfmx.def
File: pgfsys-dvipdfmx.def 2023-01-15 v3.1.10 (3.1.10)
 (/usr/local/Cellar/texlive/20230313_2/share/texmf-dist/tex/generic/pgf/systemlayer/pgfsys-common-pdf.def
File: pgfsys-common-pdf.def 2023-01-15 v3.1.10 (3.1.10)
)
\pgfsys@objnum=\count272
))) (/usr/local/Cellar/texlive/20230313_2/share/texmf-dist/tex/generic/pgf/systemlayer/pgfsyssoftpath.code.tex
File: pgfsyssoftpath.code.tex 2023-01-15 v3.1.10 (3.1.10)
\pgfsyssoftpath@smallbuffer@items=\count273
\pgfsyssoftpath@bigbuffer@items=\count274
) (/usr/local/Cellar/texlive/20230313_2/share/texmf-dist/tex/generic/pgf/systemlayer/pgfsysprotocol.code.tex
File: pgfsysprotocol.code.tex 2023-01-15 v3.1.10 (3.1.10)
)) (/usr/local/Cellar/texlive/20230313_2/share/texmf-dist/tex/latex/xcolor/xcolor.sty
Package: xcolor 2022/06/12 v2.14 LaTeX color extensions (UK)
 (/usr/local/Cellar/texlive/20230313_2/share/texmf-dist/tex/latex/graphics-cfg/color.cfg
File: color.cfg 2016/01/02 v1.6 sample color configuration
)
Package xcolor Info: Driver file: xetex.def on input line 227.
 (/usr/local/Cellar/texlive/20230313_2/share/texmf-dist/tex/latex/graphics/mathcolor.ltx)
Package xcolor Info: Model `cmy' substituted by `cmy0' on input line 1353.
Package xcolor Info: Model `RGB' extended on input line 1369.
Package xcolor Info: Model `HTML' substituted by `rgb' on input line 1371.
Package xcolor Info: Model `Hsb' substituted by `hsb' on input line 1372.
Package xcolor Info: Model `tHsb' substituted by `hsb' on input line 1373.
Package xcolor Info: Model `HSB' substituted by `hsb' on input line 1374.
Package xcolor Info: Model `Gray' substituted by `gray' on input line 1375.
Package xcolor Info: Model `wave' substituted by `hsb' on input line 1376.
) (/usr/local/Cellar/texlive/20230313_2/share/texmf-dist/tex/generic/pgf/basiclayer/pgfcore.code.tex
Package: pgfcore 2023-01-15 v3.1.10 (3.1.10)
 (/usr/local/Cellar/texlive/20230313_2/share/texmf-dist/tex/generic/pgf/math/pgfmath.code.tex (/usr/local/Cellar/texlive/20230313_2/share/texmf-dist/tex/generic/pgf/math/pgfmathutil.code.tex) (/usr/local/Cellar/texlive/20230313_2/share/texmf-dist/tex/generic/pgf/math/pgfmathparser.code.tex
\pgfmath@dimen=\dimen164
\pgfmath@count=\count275
\pgfmath@box=\box54
\pgfmath@toks=\toks29
\pgfmath@stack@operand=\toks30
\pgfmath@stack@operation=\toks31
) (/usr/local/Cellar/texlive/20230313_2/share/texmf-dist/tex/generic/pgf/math/pgfmathfunctions.code.tex) (/usr/local/Cellar/texlive/20230313_2/share/texmf-dist/tex/generic/pgf/math/pgfmathfunctions.basic.code.tex) (/usr/local/Cellar/texlive/20230313_2/share/texmf-dist/tex/generic/pgf/math/pgfmathfunctions.trigonometric.code.tex) (/usr/local/Cellar/texlive/20230313_2/share/texmf-dist/tex/generic/pgf/math/pgfmathfunctions.random.code.tex) (/usr/local/Cellar/texlive/20230313_2/share/texmf-dist/tex/generic/pgf/math/pgfmathfunctions.comparison.code.tex) (/usr/local/Cellar/texlive/20230313_2/share/texmf-dist/tex/generic/pgf/math/pgfmathfunctions.base.code.tex) (/usr/local/Cellar/texlive/20230313_2/share/texmf-dist/tex/generic/pgf/math/pgfmathfunctions.round.code.tex) (/usr/local/Cellar/texlive/20230313_2/share/texmf-dist/tex/generic/pgf/math/pgfmathfunctions.misc.code.tex) (/usr/local/Cellar/texlive/20230313_2/share/texmf-dist/tex/generic/pgf/math/pgfmathfunctions.integerarithmetics.code.tex) (/usr/local/Cellar/texlive/20230313_2/share/texmf-dist/tex/generic/pgf/math/pgfmathcalc.code.tex) (/usr/local/Cellar/texlive/20230313_2/share/texmf-dist/tex/generic/pgf/math/pgfmathfloat.code.tex
\c@pgfmathroundto@lastzeros=\count276
)) (/usr/local/Cellar/texlive/20230313_2/share/texmf-dist/tex/generic/pgf/math/pgfint.code.tex) (/usr/local/Cellar/texlive/20230313_2/share/texmf-dist/tex/generic/pgf/basiclayer/pgfcorepoints.code.tex
File: pgfcorepoints.code.tex 2023-01-15 v3.1.10 (3.1.10)
\pgf@picminx=\dimen165
\pgf@picmaxx=\dimen166
\pgf@picminy=\dimen167
\pgf@picmaxy=\dimen168
\pgf@pathminx=\dimen169
\pgf@pathmaxx=\dimen170
\pgf@pathminy=\dimen171
\pgf@pathmaxy=\dimen172
\pgf@xx=\dimen173
\pgf@xy=\dimen174
\pgf@yx=\dimen175
\pgf@yy=\dimen176
\pgf@zx=\dimen177
\pgf@zy=\dimen178
) (/usr/local/Cellar/texlive/20230313_2/share/texmf-dist/tex/generic/pgf/basiclayer/pgfcorepathconstruct.code.tex
File: pgfcorepathconstruct.code.tex 2023-01-15 v3.1.10 (3.1.10)
\pgf@path@lastx=\dimen179
\pgf@path@lasty=\dimen180
) (/usr/local/Cellar/texlive/20230313_2/share/texmf-dist/tex/generic/pgf/basiclayer/pgfcorepathusage.code.tex
File: pgfcorepathusage.code.tex 2023-01-15 v3.1.10 (3.1.10)
\pgf@shorten@end@additional=\dimen181
\pgf@shorten@start@additional=\dimen182
) (/usr/local/Cellar/texlive/20230313_2/share/texmf-dist/tex/generic/pgf/basiclayer/pgfcorescopes.code.tex
File: pgfcorescopes.code.tex 2023-01-15 v3.1.10 (3.1.10)
\pgfpic=\box55
\pgf@hbox=\box56
\pgf@layerbox@main=\box57
\pgf@picture@serial@count=\count277
) (/usr/local/Cellar/texlive/20230313_2/share/texmf-dist/tex/generic/pgf/basiclayer/pgfcoregraphicstate.code.tex
File: pgfcoregraphicstate.code.tex 2023-01-15 v3.1.10 (3.1.10)
\pgflinewidth=\dimen183
) (/usr/local/Cellar/texlive/20230313_2/share/texmf-dist/tex/generic/pgf/basiclayer/pgfcoretransformations.code.tex
File: pgfcoretransformations.code.tex 2023-01-15 v3.1.10 (3.1.10)
\pgf@pt@x=\dimen184
\pgf@pt@y=\dimen185
\pgf@pt@temp=\dimen186
) (/usr/local/Cellar/texlive/20230313_2/share/texmf-dist/tex/generic/pgf/basiclayer/pgfcorequick.code.tex
File: pgfcorequick.code.tex 2023-01-15 v3.1.10 (3.1.10)
) (/usr/local/Cellar/texlive/20230313_2/share/texmf-dist/tex/generic/pgf/basiclayer/pgfcoreobjects.code.tex
File: pgfcoreobjects.code.tex 2023-01-15 v3.1.10 (3.1.10)
) (/usr/local/Cellar/texlive/20230313_2/share/texmf-dist/tex/generic/pgf/basiclayer/pgfcorepathprocessing.code.tex
File: pgfcorepathprocessing.code.tex 2023-01-15 v3.1.10 (3.1.10)
) (/usr/local/Cellar/texlive/20230313_2/share/texmf-dist/tex/generic/pgf/basiclayer/pgfcorearrows.code.tex
File: pgfcorearrows.code.tex 2023-01-15 v3.1.10 (3.1.10)
\pgfarrowsep=\dimen187
) (/usr/local/Cellar/texlive/20230313_2/share/texmf-dist/tex/generic/pgf/basiclayer/pgfcoreshade.code.tex
File: pgfcoreshade.code.tex 2023-01-15 v3.1.10 (3.1.10)
\pgf@max=\dimen188
\pgf@sys@shading@range@num=\count278
\pgf@shadingcount=\count279
) (/usr/local/Cellar/texlive/20230313_2/share/texmf-dist/tex/generic/pgf/basiclayer/pgfcoreimage.code.tex
File: pgfcoreimage.code.tex 2023-01-15 v3.1.10 (3.1.10)
) (/usr/local/Cellar/texlive/20230313_2/share/texmf-dist/tex/generic/pgf/basiclayer/pgfcoreexternal.code.tex
File: pgfcoreexternal.code.tex 2023-01-15 v3.1.10 (3.1.10)
\pgfexternal@startupbox=\box58
) (/usr/local/Cellar/texlive/20230313_2/share/texmf-dist/tex/generic/pgf/basiclayer/pgfcorelayers.code.tex
File: pgfcorelayers.code.tex 2023-01-15 v3.1.10 (3.1.10)
) (/usr/local/Cellar/texlive/20230313_2/share/texmf-dist/tex/generic/pgf/basiclayer/pgfcoretransparency.code.tex
File: pgfcoretransparency.code.tex 2023-01-15 v3.1.10 (3.1.10)
) (/usr/local/Cellar/texlive/20230313_2/share/texmf-dist/tex/generic/pgf/basiclayer/pgfcorepatterns.code.tex
File: pgfcorepatterns.code.tex 2023-01-15 v3.1.10 (3.1.10)
) (/usr/local/Cellar/texlive/20230313_2/share/texmf-dist/tex/generic/pgf/basiclayer/pgfcorerdf.code.tex
File: pgfcorerdf.code.tex 2023-01-15 v3.1.10 (3.1.10)
))) (/usr/local/Cellar/texlive/20230313_2/share/texmf-dist/tex/generic/pgf/modules/pgfmoduleshapes.code.tex
File: pgfmoduleshapes.code.tex 2023-01-15 v3.1.10 (3.1.10)
\pgfnodeparttextbox=\box59
) (/usr/local/Cellar/texlive/20230313_2/share/texmf-dist/tex/generic/pgf/modules/pgfmoduleplot.code.tex
File: pgfmoduleplot.code.tex 2023-01-15 v3.1.10 (3.1.10)
) (/usr/local/Cellar/texlive/20230313_2/share/texmf-dist/tex/latex/pgf/compatibility/pgfcomp-version-0-65.sty
Package: pgfcomp-version-0-65 2023-01-15 v3.1.10 (3.1.10)
\pgf@nodesepstart=\dimen189
\pgf@nodesepend=\dimen190
) (/usr/local/Cellar/texlive/20230313_2/share/texmf-dist/tex/latex/pgf/compatibility/pgfcomp-version-1-18.sty
Package: pgfcomp-version-1-18 2023-01-15 v3.1.10 (3.1.10)
)) (/usr/local/Cellar/texlive/20230313_2/share/texmf-dist/tex/latex/pgf/utilities/pgffor.sty (/usr/local/Cellar/texlive/20230313_2/share/texmf-dist/tex/latex/pgf/utilities/pgfkeys.sty (/usr/local/Cellar/texlive/20230313_2/share/texmf-dist/tex/generic/pgf/utilities/pgfkeys.code.tex)) (/usr/local/Cellar/texlive/20230313_2/share/texmf-dist/tex/latex/pgf/math/pgfmath.sty (/usr/local/Cellar/texlive/20230313_2/share/texmf-dist/tex/generic/pgf/math/pgfmath.code.tex)) (/usr/local/Cellar/texlive/20230313_2/share/texmf-dist/tex/generic/pgf/utilities/pgffor.code.tex
Package: pgffor 2023-01-15 v3.1.10 (3.1.10)
\pgffor@iter=\dimen191
\pgffor@skip=\dimen192
\pgffor@stack=\toks32
\pgffor@toks=\toks33
)) (/usr/local/Cellar/texlive/20230313_2/share/texmf-dist/tex/generic/pgf/frontendlayer/tikz/tikz.code.tex
Package: tikz 2023-01-15 v3.1.10 (3.1.10)
 (/usr/local/Cellar/texlive/20230313_2/share/texmf-dist/tex/generic/pgf/libraries/pgflibraryplothandlers.code.tex
File: pgflibraryplothandlers.code.tex 2023-01-15 v3.1.10 (3.1.10)
\pgf@plot@mark@count=\count280
\pgfplotmarksize=\dimen193
)
\tikz@lastx=\dimen194
\tikz@lasty=\dimen195
\tikz@lastxsaved=\dimen196
\tikz@lastysaved=\dimen197
\tikz@lastmovetox=\dimen198
\tikz@lastmovetoy=\dimen199
\tikzleveldistance=\dimen256
\tikzsiblingdistance=\dimen257
\tikz@figbox=\box60
\tikz@figbox@bg=\box61
\tikz@tempbox=\box62
\tikz@tempbox@bg=\box63
\tikztreelevel=\count281
\tikznumberofchildren=\count282
\tikznumberofcurrentchild=\count283
\tikz@fig@count=\count284
 (/usr/local/Cellar/texlive/20230313_2/share/texmf-dist/tex/generic/pgf/modules/pgfmodulematrix.code.tex
File: pgfmodulematrix.code.tex 2023-01-15 v3.1.10 (3.1.10)
\pgfmatrixcurrentrow=\count285
\pgfmatrixcurrentcolumn=\count286
\pgf@matrix@numberofcolumns=\count287
)
\tikz@expandcount=\count288
 (/usr/local/Cellar/texlive/20230313_2/share/texmf-dist/tex/generic/pgf/frontendlayer/tikz/libraries/tikzlibrarytopaths.code.tex
File: tikzlibrarytopaths.code.tex 2023-01-15 v3.1.10 (3.1.10)
))) (/usr/local/Cellar/texlive/20230313_2/share/texmf-dist/tex/generic/pgf/frontendlayer/tikz/libraries/tikzlibraryshapes.code.tex
File: tikzlibraryshapes.code.tex 2023-01-15 v3.1.10 (3.1.10)
 (/usr/local/Cellar/texlive/20230313_2/share/texmf-dist/tex/generic/pgf/frontendlayer/tikz/libraries/tikzlibraryshapes.geometric.code.tex
File: tikzlibraryshapes.geometric.code.tex 2023-01-15 v3.1.10 (3.1.10)
 (/usr/local/Cellar/texlive/20230313_2/share/texmf-dist/tex/generic/pgf/libraries/shapes/pgflibraryshapes.geometric.code.tex
File: pgflibraryshapes.geometric.code.tex 2023-01-15 v3.1.10 (3.1.10)
)) (/usr/local/Cellar/texlive/20230313_2/share/texmf-dist/tex/generic/pgf/frontendlayer/tikz/libraries/tikzlibraryshapes.misc.code.tex
File: tikzlibraryshapes.misc.code.tex 2023-01-15 v3.1.10 (3.1.10)
 (/usr/local/Cellar/texlive/20230313_2/share/texmf-dist/tex/generic/pgf/libraries/shapes/pgflibraryshapes.misc.code.tex
File: pgflibraryshapes.misc.code.tex 2023-01-15 v3.1.10 (3.1.10)
)) (/usr/local/Cellar/texlive/20230313_2/share/texmf-dist/tex/generic/pgf/frontendlayer/tikz/libraries/tikzlibraryshapes.symbols.code.tex
File: tikzlibraryshapes.symbols.code.tex 2023-01-15 v3.1.10 (3.1.10)
 (/usr/local/Cellar/texlive/20230313_2/share/texmf-dist/tex/generic/pgf/libraries/shapes/pgflibraryshapes.symbols.code.tex
File: pgflibraryshapes.symbols.code.tex 2023-01-15 v3.1.10 (3.1.10)
)) (/usr/local/Cellar/texlive/20230313_2/share/texmf-dist/tex/generic/pgf/frontendlayer/tikz/libraries/tikzlibraryshapes.arrows.code.tex
File: tikzlibraryshapes.arrows.code.tex 2023-01-15 v3.1.10 (3.1.10)
 (/usr/local/Cellar/texlive/20230313_2/share/texmf-dist/tex/generic/pgf/libraries/shapes/pgflibraryshapes.arrows.code.tex
File: pgflibraryshapes.arrows.code.tex 2023-01-15 v3.1.10 (3.1.10)
)) (/usr/local/Cellar/texlive/20230313_2/share/texmf-dist/tex/generic/pgf/frontendlayer/tikz/libraries/tikzlibraryshapes.callouts.code.tex (/usr/local/Cellar/texlive/20230313_2/share/texmf-dist/tex/generic/pgf/libraries/shapes/pgflibraryshapes.callouts.code.tex)) (/usr/local/Cellar/texlive/20230313_2/share/texmf-dist/tex/generic/pgf/frontendlayer/tikz/libraries/tikzlibraryshapes.multipart.code.tex
File: tikzlibraryshapes.multipart.code.tex 2023-01-15 v3.1.10 (3.1.10)
 (/usr/local/Cellar/texlive/20230313_2/share/texmf-dist/tex/generic/pgf/libraries/shapes/pgflibraryshapes.multipart.code.tex
File: pgflibraryshapes.multipart.code.tex 2023-01-15 v3.1.10 (3.1.10)
\pgfnodepartlowerbox=\box64
\pgfnodeparttwobox=\box65
\pgfnodepartthreebox=\box66
\pgfnodepartfourbox=\box67
\pgfnodeparttwentybox=\box68
\pgfnodepartnineteenbox=\box69
\pgfnodeparteighteenbox=\box70
\pgfnodepartseventeenbox=\box71
\pgfnodepartsixteenbox=\box72
\pgfnodepartfifteenbox=\box73
\pgfnodepartfourteenbox=\box74
\pgfnodepartthirteenbox=\box75
\pgfnodeparttwelvebox=\box76
\pgfnodepartelevenbox=\box77
\pgfnodeparttenbox=\box78
\pgfnodepartninebox=\box79
\pgfnodeparteightbox=\box80
\pgfnodepartsevenbox=\box81
\pgfnodepartsixbox=\box82
\pgfnodepartfivebox=\box83
))) (/usr/local/Cellar/texlive/20230313_2/share/texmf-dist/tex/generic/pgf/frontendlayer/tikz/libraries/tikzlibraryarrows.code.tex
File: tikzlibraryarrows.code.tex 2023-01-15 v3.1.10 (3.1.10)
 (/usr/local/Cellar/texlive/20230313_2/share/texmf-dist/tex/generic/pgf/libraries/pgflibraryarrows.code.tex
File: pgflibraryarrows.code.tex 2023-01-15 v3.1.10 (3.1.10)
\arrowsize=\dimen258
)) (/usr/local/Cellar/texlive/20230313_2/share/texmf-dist/tex/latex/l3backend/l3backend-xetex.def
File: l3backend-xetex.def 2023-01-16 L3 backend support: XeTeX
\g__graphics_track_int=\count289
\l__pdf_internal_box=\box84
\g__pdf_backend_object_int=\count290
\g__pdf_backend_annotation_int=\count291
\g__pdf_backend_link_int=\count292
) (./index.aux)
\openout1 = `index.aux'.

LaTeX Font Info:    Checking defaults for OML/cmm/m/it on input line 18.
LaTeX Font Info:    ... okay on input line 18.
LaTeX Font Info:    Checking defaults for OMS/cmsy/m/n on input line 18.
LaTeX Font Info:    ... okay on input line 18.
LaTeX Font Info:    Checking defaults for OT1/cmr/m/n on input line 18.
LaTeX Font Info:    ... okay on input line 18.
LaTeX Font Info:    Checking defaults for T1/cmr/m/n on input line 18.
LaTeX Font Info:    ... okay on input line 18.
LaTeX Font Info:    Checking defaults for TS1/cmr/m/n on input line 18.
LaTeX Font Info:    Trying to load font information for TS1+cmr on input line 18.
 (/usr/local/Cellar/texlive/20230313_2/share/texmf-dist/tex/latex/base/ts1cmr.fd
File: ts1cmr.fd 2022/07/10 v2.5l Standard LaTeX font definitions
)
LaTeX Font Info:    ... okay on input line 18.
LaTeX Font Info:    Checking defaults for TU/lmr/m/n on input line 18.
LaTeX Font Info:    ... okay on input line 18.
LaTeX Font Info:    Checking defaults for OMX/cmex/m/n on input line 18.
LaTeX Font Info:    ... okay on input line 18.
LaTeX Font Info:    Checking defaults for U/cmr/m/n on input line 18.
LaTeX Font Info:    ... okay on input line 18.
 [1

] (./index.toc [2])
\tf@toc=\write4
\openout4 = `index.toc'.

 [3] (./sections/introduction/background.tex) (./sections/introduction/aboutCompany.tex) (./sections/introduction/aboutProject.tex) [4] (./sections/problemStatement/statement.tex) (./sections/problemStatement/situation.tex) (./sections/problemStatement/potentialSolution.tex [5]) [6] (./sections/requirementAnalysis/index.tex) (./sections/requirementAnalysis/stakeholders/index.tex) (./sections/requirementAnalysis/bussinesDomain/index.tex [7]) (./sections/requirementAnalysis/scope.tex) [8]
(./sections/requirementAnalysis/goals.tex) [9] (./sections/softwareDevelopmentMethods/index.tex
Overfull \hbox (1.14pt too wide) in paragraph at lines 3--8
\TU/lmr/m/n/10 Project methodology refers to a systematic set of methods and principles adopted
 []


Overfull \hbox (0.84799pt too wide) in paragraph at lines 9--12
\TU/lmr/m/n/10 projects, ensuring timely, high-quality, and cost-effective completion, and achiev-
 []

) (./sections/softwareDevelopmentMethods/agileSoftwareDevelopment/index.tex) (./sections/softwareDevelopmentMethods/featureDrivenDevelopment/index.tex [10]) (./sections/softwareDesign/technologySelection/index.tex) (./sections/softwareDesign/technologySelection/frontEnd.tex [11]) (./sections/softwareDesign/technologySelection/backEnd.tex) (./sections/softwareDesign/technologySelection/database.tex) (./sections/softwareDesign/technologySelection/dataCommunication.tex [12]) (./sections/softwareDesign/technologySelection/devOps.tex) [13] (./sections/softwareDesign/architectureDesign/index.tex
Overfull \hbox (14.35687pt too wide) in paragraph at lines 58--59
 [][] 
 []

) (./sections/softwareDesign/architectureDesign/frontEndArchitecture.tex [14] [15]) (./sections/softwareDesign/architectureDesign/backEndArchitecture.tex [16]) (./sections/softwareDesign/architectureDesign/dataCommunicationArchitecture.tex [17] [18]) (./sections/softwareDesign/domainModel/index.tex) (./sections/softwareDesign/devOpsDesign/index.tex
Missing character: There is no 自 (U+81EA) in font [lmroman10-regular]:mapping=tex-text;!
Missing character: There is no 动 (U+52A8) in font [lmroman10-regular]:mapping=tex-text;!
Missing character: There is no 化 (U+5316) in font [lmroman10-regular]:mapping=tex-text;!
Missing character: There is no ： (U+FF1A) in font [lmroman10-regular]:mapping=tex-text;!
Missing character: There is no 通 (U+901A) in font [lmroman10-regular]:mapping=tex-text;!
Missing character: There is no 过 (U+8FC7) in font [lmroman10-regular]:mapping=tex-text;!
Missing character: There is no 使 (U+4F7F) in font [lmroman10-regular]:mapping=tex-text;!
Missing character: There is no 用 (U+7528) in font [lmroman10-regular]:mapping=tex-text;!
Missing character: There is no 自 (U+81EA) in font [lmroman10-regular]:mapping=tex-text;!
Missing character: There is no 动 (U+52A8) in font [lmroman10-regular]:mapping=tex-text;!
Missing character: There is no 化 (U+5316) in font [lmroman10-regular]:mapping=tex-text;!
Missing character: There is no 工 (U+5DE5) in font [lmroman10-regular]:mapping=tex-text;!
Missing character: There is no 具 (U+5177) in font [lmroman10-regular]:mapping=tex-text;!
Missing character: There is no 和 (U+548C) in font [lmroman10-regular]:mapping=tex-text;!
Missing character: There is no 脚 (U+811A) in font [lmroman10-regular]:mapping=tex-text;!
Missing character: There is no 本 (U+672C) in font [lmroman10-regular]:mapping=tex-text;!
Missing character: There is no 来 (U+6765) in font [lmroman10-regular]:mapping=tex-text;!
Missing character: There is no 减 (U+51CF) in font [lmroman10-regular]:mapping=tex-text;!
Missing character: There is no 少 (U+5C11) in font [lmroman10-regular]:mapping=tex-text;!
Missing character: There is no 手 (U+624B) in font [lmroman10-regular]:mapping=tex-text;!
Missing character: There is no 动 (U+52A8) in font [lmroman10-regular]:mapping=tex-text;!
Missing character: There is no 操 (U+64CD) in font [lmroman10-regular]:mapping=tex-text;!
Missing character: There is no 作 (U+4F5C) in font [lmroman10-regular]:mapping=tex-text;!
Missing character: There is no ， (U+FF0C) in font [lmroman10-regular]:mapping=tex-text;!
Missing character: There is no 例 (U+4F8B) in font [lmroman10-regular]:mapping=tex-text;!
Missing character: There is no 如 (U+5982) in font [lmroman10-regular]:mapping=tex-text;!
Missing character: There is no 自 (U+81EA) in font [lmroman10-regular]:mapping=tex-text;!
Missing character: There is no 动 (U+52A8) in font [lmroman10-regular]:mapping=tex-text;!
Missing character: There is no 化 (U+5316) in font [lmroman10-regular]:mapping=tex-text;!
Missing character: There is no 构 (U+6784) in font [lmroman10-regular]:mapping=tex-text;!
Missing character: There is no 建 (U+5EFA) in font [lmroman10-regular]:mapping=tex-text;!
Missing character: There is no 、 (U+3001) in font [lmroman10-regular]:mapping=tex-text;!
Missing character: There is no 测 (U+6D4B) in font [lmroman10-regular]:mapping=tex-text;!
Missing character: There is no 试 (U+8BD5) in font [lmroman10-regular]:mapping=tex-text;!
Missing character: There is no 和 (U+548C) in font [lmroman10-regular]:mapping=tex-text;!
Missing character: There is no 部 (U+90E8) in font [lmroman10-regular]:mapping=tex-text;!
Missing character: There is no 署 (U+7F72) in font [lmroman10-regular]:mapping=tex-text;!
Missing character: There is no 流 (U+6D41) in font [lmroman10-regular]:mapping=tex-text;!
Missing character: There is no 程 (U+7A0B) in font [lmroman10-regular]:mapping=tex-text;!
Missing character: There is no 。 (U+3002) in font [lmroman10-regular]:mapping=tex-text;!
Missing character: There is no 协 (U+534F) in font [lmroman10-regular]:mapping=tex-text;!
Missing character: There is no 作 (U+4F5C) in font [lmroman10-regular]:mapping=tex-text;!
Missing character: There is no 与 (U+4E0E) in font [lmroman10-regular]:mapping=tex-text;!
Missing character: There is no 沟 (U+6C9F) in font [lmroman10-regular]:mapping=tex-text;!
Missing character: There is no 通 (U+901A) in font [lmroman10-regular]:mapping=tex-text;!
Missing character: There is no ： (U+FF1A) in font [lmroman10-regular]:mapping=tex-text;!
Missing character: There is no 促 (U+4FC3) in font [lmroman10-regular]:mapping=tex-text;!
Missing character: There is no 进 (U+8FDB) in font [lmroman10-regular]:mapping=tex-text;!
Missing character: There is no 开 (U+5F00) in font [lmroman10-regular]:mapping=tex-text;!
Missing character: There is no 发 (U+53D1) in font [lmroman10-regular]:mapping=tex-text;!
Missing character: There is no 、 (U+3001) in font [lmroman10-regular]:mapping=tex-text;!
Missing character: There is no 运 (U+8FD0) in font [lmroman10-regular]:mapping=tex-text;!
Missing character: There is no 维 (U+7EF4) in font [lmroman10-regular]:mapping=tex-text;!
Missing character: There is no 和 (U+548C) in font [lmroman10-regular]:mapping=tex-text;!
Missing character: There is no 质 (U+8D28) in font [lmroman10-regular]:mapping=tex-text;!
Missing character: There is no 量 (U+91CF) in font [lmroman10-regular]:mapping=tex-text;!
Missing character: There is no 保 (U+4FDD) in font [lmroman10-regular]:mapping=tex-text;!
Missing character: There is no 障 (U+969C) in font [lmroman10-regular]:mapping=tex-text;!
Missing character: There is no 团 (U+56E2) in font [lmroman10-regular]:mapping=tex-text;!
Missing character: There is no 队 (U+961F) in font [lmroman10-regular]:mapping=tex-text;!
Missing character: There is no 之 (U+4E4B) in font [lmroman10-regular]:mapping=tex-text;!
Missing character: There is no 间 (U+95F4) in font [lmroman10-regular]:mapping=tex-text;!
Missing character: There is no 的 (U+7684) in font [lmroman10-regular]:mapping=tex-text;!
Missing character: There is no 协 (U+534F) in font [lmroman10-regular]:mapping=tex-text;!
Missing character: There is no 作 (U+4F5C) in font [lmroman10-regular]:mapping=tex-text;!
Missing character: There is no 和 (U+548C) in font [lmroman10-regular]:mapping=tex-text;!
Missing character: There is no 沟 (U+6C9F) in font [lmroman10-regular]:mapping=tex-text;!
Missing character: There is no 通 (U+901A) in font [lmroman10-regular]:mapping=tex-text;!
Missing character: There is no ， (U+FF0C) in font [lmroman10-regular]:mapping=tex-text;!
Missing character: There is no 以 (U+4EE5) in font [lmroman10-regular]:mapping=tex-text;!
Missing character: There is no 便 (U+4FBF) in font [lmroman10-regular]:mapping=tex-text;!
Missing character: There is no 更 (U+66F4) in font [lmroman10-regular]:mapping=tex-text;!
Missing character: There is no 好 (U+597D) in font [lmroman10-regular]:mapping=tex-text;!
Missing character: There is no 地 (U+5730) in font [lmroman10-regular]:mapping=tex-text;!
Missing character: There is no 理 (U+7406) in font [lmroman10-regular]:mapping=tex-text;!
Missing character: There is no 解 (U+89E3) in font [lmroman10-regular]:mapping=tex-text;!
Missing character: There is no 需 (U+9700) in font [lmroman10-regular]:mapping=tex-text;!
Missing character: There is no 求 (U+6C42) in font [lmroman10-regular]:mapping=tex-text;!
Missing character: There is no 和 (U+548C) in font [lmroman10-regular]:mapping=tex-text;!
Missing character: There is no 解 (U+89E3) in font [lmroman10-regular]:mapping=tex-text;!
Missing character: There is no 决 (U+51B3) in font [lmroman10-regular]:mapping=tex-text;!
Missing character: There is no 问 (U+95EE) in font [lmroman10-regular]:mapping=tex-text;!
Missing character: There is no 题 (U+9898) in font [lmroman10-regular]:mapping=tex-text;!
Missing character: There is no 。 (U+3002) in font [lmroman10-regular]:mapping=tex-text;!
Missing character: There is no 持 (U+6301) in font [lmroman10-regular]:mapping=tex-text;!
Missing character: There is no 续 (U+7EED) in font [lmroman10-regular]:mapping=tex-text;!
Missing character: There is no 集 (U+96C6) in font [lmroman10-regular]:mapping=tex-text;!
Missing character: There is no 成 (U+6210) in font [lmroman10-regular]:mapping=tex-text;!
Missing character: There is no ： (U+FF1A) in font [lmroman10-regular]:mapping=tex-text;!
Missing character: There is no 频 (U+9891) in font [lmroman10-regular]:mapping=tex-text;!
Missing character: There is no 繁 (U+7E41) in font [lmroman10-regular]:mapping=tex-text;!
Missing character: There is no 地 (U+5730) in font [lmroman10-regular]:mapping=tex-text;!
Missing character: There is no 将 (U+5C06) in font [lmroman10-regular]:mapping=tex-text;!
Missing character: There is no 开 (U+5F00) in font [lmroman10-regular]:mapping=tex-text;!
Missing character: There is no 发 (U+53D1) in font [lmroman10-regular]:mapping=tex-text;!
Missing character: There is no 人 (U+4EBA) in font [lmroman10-regular]:mapping=tex-text;!
Missing character: There is no 员 (U+5458) in font [lmroman10-regular]:mapping=tex-text;!
Missing character: There is no 的 (U+7684) in font [lmroman10-regular]:mapping=tex-text;!
Missing character: There is no 代 (U+4EE3) in font [lmroman10-regular]:mapping=tex-text;!
Missing character: There is no 码 (U+7801) in font [lmroman10-regular]:mapping=tex-text;!
Missing character: There is no 集 (U+96C6) in font [lmroman10-regular]:mapping=tex-text;!
Missing character: There is no 成 (U+6210) in font [lmroman10-regular]:mapping=tex-text;!
Missing character: There is no 到 (U+5230) in font [lmroman10-regular]:mapping=tex-text;!
Missing character: There is no 共 (U+5171) in font [lmroman10-regular]:mapping=tex-text;!
Missing character: There is no 享 (U+4EAB) in font [lmroman10-regular]:mapping=tex-text;!
Missing character: There is no 代 (U+4EE3) in font [lmroman10-regular]:mapping=tex-text;!
Missing character: There is no 码 (U+7801) in font [lmroman10-regular]:mapping=tex-text;!
Missing character: There is no 库 (U+5E93) in font [lmroman10-regular]:mapping=tex-text;!
Missing character: There is no 中 (U+4E2D) in font [lmroman10-regular]:mapping=tex-text;!
Missing character: There is no ， (U+FF0C) in font [lmroman10-regular]:mapping=tex-text;!
Missing character: There is no 并 (U+5E76) in font [lmroman10-regular]:mapping=tex-text;!
Missing character: There is no 进 (U+8FDB) in font [lmroman10-regular]:mapping=tex-text;!
Missing character: There is no 行 (U+884C) in font [lmroman10-regular]:mapping=tex-text;!
Missing character: There is no 自 (U+81EA) in font [lmroman10-regular]:mapping=tex-text;!
Missing character: There is no 动 (U+52A8) in font [lmroman10-regular]:mapping=tex-text;!
Missing character: There is no 化 (U+5316) in font [lmroman10-regular]:mapping=tex-text;!
Missing character: There is no 构 (U+6784) in font [lmroman10-regular]:mapping=tex-text;!
Missing character: There is no 建 (U+5EFA) in font [lmroman10-regular]:mapping=tex-text;!
Missing character: There is no 和 (U+548C) in font [lmroman10-regular]:mapping=tex-text;!
Missing character: There is no 测 (U+6D4B) in font [lmroman10-regular]:mapping=tex-text;!
Missing character: There is no 试 (U+8BD5) in font [lmroman10-regular]:mapping=tex-text;!
Missing character: There is no 。 (U+3002) in font [lmroman10-regular]:mapping=tex-text;!
Missing character: There is no 持 (U+6301) in font [lmroman10-regular]:mapping=tex-text;!
Missing character: There is no 续 (U+7EED) in font [lmroman10-regular]:mapping=tex-text;!
Missing character: There is no 交 (U+4EA4) in font [lmroman10-regular]:mapping=tex-text;!
Missing character: There is no 付 (U+4ED8) in font [lmroman10-regular]:mapping=tex-text;!
Missing character: There is no ： (U+FF1A) in font [lmroman10-regular]:mapping=tex-text;!
Missing character: There is no 通 (U+901A) in font [lmroman10-regular]:mapping=tex-text;!
Missing character: There is no 过 (U+8FC7) in font [lmroman10-regular]:mapping=tex-text;!
Missing character: There is no 自 (U+81EA) in font [lmroman10-regular]:mapping=tex-text;!
Missing character: There is no 动 (U+52A8) in font [lmroman10-regular]:mapping=tex-text;!
Missing character: There is no 化 (U+5316) in font [lmroman10-regular]:mapping=tex-text;!
Missing character: There is no 流 (U+6D41) in font [lmroman10-regular]:mapping=tex-text;!
Missing character: There is no 程 (U+7A0B) in font [lmroman10-regular]:mapping=tex-text;!
Missing character: There is no 将 (U+5C06) in font [lmroman10-regular]:mapping=tex-text;!
Missing character: There is no 软 (U+8F6F) in font [lmroman10-regular]:mapping=tex-text;!
Missing character: There is no 件 (U+4EF6) in font [lmroman10-regular]:mapping=tex-text;!
Missing character: There is no 交 (U+4EA4) in font [lmroman10-regular]:mapping=tex-text;!
Missing character: There is no 付 (U+4ED8) in font [lmroman10-regular]:mapping=tex-text;!
Missing character: There is no 给 (U+7ED9) in font [lmroman10-regular]:mapping=tex-text;!
Missing character: There is no 用 (U+7528) in font [lmroman10-regular]:mapping=tex-text;!
Missing character: There is no 户 (U+6237) in font [lmroman10-regular]:mapping=tex-text;!
Missing character: There is no ， (U+FF0C) in font [lmroman10-regular]:mapping=tex-text;!
Missing character: There is no 以 (U+4EE5) in font [lmroman10-regular]:mapping=tex-text;!
Missing character: There is no 便 (U+4FBF) in font [lmroman10-regular]:mapping=tex-text;!
Missing character: There is no 快 (U+5FEB) in font [lmroman10-regular]:mapping=tex-text;!
Missing character: There is no 速 (U+901F) in font [lmroman10-regular]:mapping=tex-text;!
Missing character: There is no 获 (U+83B7) in font [lmroman10-regular]:mapping=tex-text;!
Missing character: There is no 得 (U+5F97) in font [lmroman10-regular]:mapping=tex-text;!
Missing character: There is no 反 (U+53CD) in font [lmroman10-regular]:mapping=tex-text;!
Missing character: There is no 馈 (U+9988) in font [lmroman10-regular]:mapping=tex-text;!
Missing character: There is no 并 (U+5E76) in font [lmroman10-regular]:mapping=tex-text;!
Missing character: There is no 进 (U+8FDB) in font [lmroman10-regular]:mapping=tex-text;!
Missing character: There is no 行 (U+884C) in font [lmroman10-regular]:mapping=tex-text;!
Missing character: There is no 改 (U+6539) in font [lmroman10-regular]:mapping=tex-text;!
Missing character: There is no 进 (U+8FDB) in font [lmroman10-regular]:mapping=tex-text;!
Missing character: There is no 。 (U+3002) in font [lmroman10-regular]:mapping=tex-text;!
Missing character: There is no 监 (U+76D1) in font [lmroman10-regular]:mapping=tex-text;!
Missing character: There is no 控 (U+63A7) in font [lmroman10-regular]:mapping=tex-text;!
Missing character: There is no 与 (U+4E0E) in font [lmroman10-regular]:mapping=tex-text;!
Missing character: There is no 反 (U+53CD) in font [lmroman10-regular]:mapping=tex-text;!
Missing character: There is no 馈 (U+9988) in font [lmroman10-regular]:mapping=tex-text;!
Missing character: There is no ： (U+FF1A) in font [lmroman10-regular]:mapping=tex-text;!
Missing character: There is no 实 (U+5B9E) in font [lmroman10-regular]:mapping=tex-text;!
Missing character: There is no 时 (U+65F6) in font [lmroman10-regular]:mapping=tex-text;!
Missing character: There is no 监 (U+76D1) in font [lmroman10-regular]:mapping=tex-text;!
Missing character: There is no 控 (U+63A7) in font [lmroman10-regular]:mapping=tex-text;!
Missing character: There is no 系 (U+7CFB) in font [lmroman10-regular]:mapping=tex-text;!
Missing character: There is no 统 (U+7EDF) in font [lmroman10-regular]:mapping=tex-text;!
Missing character: There is no 的 (U+7684) in font [lmroman10-regular]:mapping=tex-text;!
Missing character: There is no 运 (U+8FD0) in font [lmroman10-regular]:mapping=tex-text;!
Missing character: There is no 行 (U+884C) in font [lmroman10-regular]:mapping=tex-text;!
Missing character: There is no 状 (U+72B6) in font [lmroman10-regular]:mapping=tex-text;!
Missing character: There is no 态 (U+6001) in font [lmroman10-regular]:mapping=tex-text;!
Missing character: There is no 和 (U+548C) in font [lmroman10-regular]:mapping=tex-text;!
Missing character: There is no 性 (U+6027) in font [lmroman10-regular]:mapping=tex-text;!
Missing character: There is no 能 (U+80FD) in font [lmroman10-regular]:mapping=tex-text;!
Missing character: There is no ， (U+FF0C) in font [lmroman10-regular]:mapping=tex-text;!
Missing character: There is no 并 (U+5E76) in font [lmroman10-regular]:mapping=tex-text;!
Missing character: There is no 及 (U+53CA) in font [lmroman10-regular]:mapping=tex-text;!
Missing character: There is no 时 (U+65F6) in font [lmroman10-regular]:mapping=tex-text;!
Missing character: There is no 反 (U+53CD) in font [lmroman10-regular]:mapping=tex-text;!
Missing character: There is no 馈 (U+9988) in font [lmroman10-regular]:mapping=tex-text;!
Missing character: There is no 给 (U+7ED9) in font [lmroman10-regular]:mapping=tex-text;!
Missing character: There is no 开 (U+5F00) in font [lmroman10-regular]:mapping=tex-text;!
Missing character: There is no 发 (U+53D1) in font [lmroman10-regular]:mapping=tex-text;!
Missing character: There is no 团 (U+56E2) in font [lmroman10-regular]:mapping=tex-text;!
Missing character: There is no 队 (U+961F) in font [lmroman10-regular]:mapping=tex-text;!
Missing character: There is no ， (U+FF0C) in font [lmroman10-regular]:mapping=tex-text;!
Missing character: There is no 以 (U+4EE5) in font [lmroman10-regular]:mapping=tex-text;!
Missing character: There is no 便 (U+4FBF) in font [lmroman10-regular]:mapping=tex-text;!
Missing character: There is no 进 (U+8FDB) in font [lmroman10-regular]:mapping=tex-text;!
Missing character: There is no 行 (U+884C) in font [lmroman10-regular]:mapping=tex-text;!
Missing character: There is no 问 (U+95EE) in font [lmroman10-regular]:mapping=tex-text;!
Missing character: There is no 题 (U+9898) in font [lmroman10-regular]:mapping=tex-text;!
Missing character: There is no 排 (U+6392) in font [lmroman10-regular]:mapping=tex-text;!
Missing character: There is no 查 (U+67E5) in font [lmroman10-regular]:mapping=tex-text;!
Missing character: There is no 和 (U+548C) in font [lmroman10-regular]:mapping=tex-text;!
Missing character: There is no 优 (U+4F18) in font [lmroman10-regular]:mapping=tex-text;!
Missing character: There is no 化 (U+5316) in font [lmroman10-regular]:mapping=tex-text;!
Missing character: There is no 。 (U+3002) in font [lmroman10-regular]:mapping=tex-text;!
) [19] [20] [21] (./index.aux) ) 
Here is how much of TeX's memory you used:
 14924 strings out of 476683
 339403 string characters out of 5795667
 1857018 words of memory out of 5000000
 34849 multiletter control sequences out of 15000+600000
 516215 words of font info for 54 fonts, out of 8000000 for 9000
 1348 hyphenation exceptions out of 8191
 84i,8n,89p,728b,678s stack positions out of 10000i,1000n,20000p,200000b,200000s

Output written on index.pdf (21 pages).
